1701697592.2761328 31.0
1701697594.3151283 31.0
1701697596.480244 31.0
1701697598.5960407 31.0
1701697600.7689922 31.0
1701697602.8614492 31.0
1701697604.9025028 31.0
1701697606.9434118 31.0
1701697608.9681802 31.0
1701697611.0197906 31.0
1701697613.0521615 31.0
1701697615.1025436 31.0
1701697617.1384387 31.0
1701697619.1709602 31.0
1701697621.2134526 31.0
1701697623.3060164 31.0
1701697625.3735979 31.0
1701697627.416226 31.0
1701697629.4669707 31.0
1701697631.4836776 31.0
1701697633.5841548 31.0
1701697635.6179438 31.0
1701697637.6434326 100.0
1701697639.6859453 100.0
1701697641.6944187 100.0
1701697643.8033633 100.0
1701697645.820981 100.0
1701697647.8637266 100.0
1701697649.8901029 100.0
1701697651.8999484 100.0
1701697653.92626 100.0
1701697656.002768 100.0
1701697658.012098 100.0
1701697660.1306639 100.0
