1701697592.1484897 26.937°C
1701697594.1961443 26.687°C
1701697596.2441597 26.75°C
1701697598.4843416 26.625°C
1701697600.5645914 26.75°C
1701697602.7402773 26.937°C
1701697604.7882173 26.937°C
1701697606.828169 27.125°C
1701697608.8521616 26.937°C
1701697610.8684423 27.25°C
1701697612.9481409 26.875°C
1701697614.9965246 27.187°C
1701697617.0160062 27.375°C
1701697619.060862 27.187°C
1701697621.1082015 27.062°C
1701697623.1887813 27.187°C
1701697625.268152 27.062°C
1701697627.3012676 27.25°C
1701697629.3641617 27.187°C
1701697631.3803248 27.125°C
1701697633.4736857 27.25°C
1701697635.509363 27.312°C
1701697637.5298505 27.562°C
1701697639.572155 27.562°C
1701697641.5881371 27.437°C
1701697643.6926785 28.0°C
1701697645.71615 27.562°C
1701697647.7561834 27.687°C
1701697649.7801309 27.937°C
1701697651.7961555 27.812°C
1701697653.8140361 28.0°C
1701697655.8961525 27.937°C
1701697657.9081562 27.875°C
1701697659.925526 27.937°C
